0 info it worked if it ends with ok
1 verbose cli [ 'D:\\Program Files\\nodejs\\node.exe',
1 verbose cli   'D:\\Program Files\\nodejs\\node_modules\\npm\\bin\\npm-cli.js',
1 verbose cli   'start' ]
2 info using npm@3.10.10
3 info using node@v6.10.0
4 verbose run-script [ 'prestart', 'start', 'poststart' ]
5 info lifecycle deploy@0.0.0~prestart: deploy@0.0.0
6 silly lifecycle deploy@0.0.0~prestart: no script for prestart, continuing
7 info lifecycle deploy@0.0.0~start: deploy@0.0.0
8 verbose lifecycle deploy@0.0.0~start: unsafe-perm in lifecycle true
9 verbose lifecycle deploy@0.0.0~start: PATH: D:\Program Files\nodejs\node_modules\npm\bin\node-gyp-bin;E:\info\deploy\node_modules\.bin;D:\cmder\bin;D:\cmder\vendor\conemu-maximus5\ConEmu\Scripts;D:\cmder\vendor\conemu-maximus5;D:\cmder\vendor\conemu-maximus5\ConEmu;C:\ProgramData\Oracle\Java\javapath;C:\windows\system32;C:\windows;C:\windows\System32\Wbem;C:\windows\System32\WindowsPowerShell\v1.0\;D:\Program Files\nodejs\;C:\Program Files\Java\jdk1.8.0_31\bin;C:\Ruby22\bin;C:\Python27;D:\cmder;d:\Program Files\Git\cmd;C:\Program Files\MongoDB\Server\3.4\bin;C:\Program Files (x86)\NVIDIA Corporation\PhysX\Common;E:\redis;C:\Program Files\MySQL\MySQL Utilities 1.6\;C:\Users\志如\AppData\Local\Microsoft\WindowsApps;C:\Users\志如\AppData\Roaming\npm;;d:\Program Files\Git\usr\bin;d:\Program Files\Git\usr\share\vim\vim74;D:\cmder\
10 verbose lifecycle deploy@0.0.0~start: CWD: E:\info\deploy
11 silly lifecycle deploy@0.0.0~start: Args: [ '/d /s /c', 'nodemon ./bin/www' ]
12 silly lifecycle deploy@0.0.0~start: Returned: code: 3221225786  signal: null
13 info lifecycle deploy@0.0.0~start: Failed to exec start script
14 verbose stack Error: deploy@0.0.0 start: `nodemon ./bin/www`
14 verbose stack Exit status 3221225786
14 verbose stack     at EventEmitter.<anonymous> (D:\Program Files\nodejs\node_modules\npm\lib\utils\lifecycle.js:255:16)
14 verbose stack     at emitTwo (events.js:106:13)
14 verbose stack     at EventEmitter.emit (events.js:191:7)
14 verbose stack     at ChildProcess.<anonymous> (D:\Program Files\nodejs\node_modules\npm\lib\utils\spawn.js:40:14)
14 verbose stack     at emitTwo (events.js:106:13)
14 verbose stack     at ChildProcess.emit (events.js:191:7)
14 verbose stack     at maybeClose (internal/child_process.js:877:16)
14 verbose stack     at Process.ChildProcess._handle.onexit (internal/child_process.js:226:5)
15 verbose pkgid deploy@0.0.0
16 verbose cwd E:\info\deploy
17 error Windows_NT 10.0.14393
18 error argv "D:\\Program Files\\nodejs\\node.exe" "D:\\Program Files\\nodejs\\node_modules\\npm\\bin\\npm-cli.js" "start"
19 error node v6.10.0
20 error npm  v3.10.10
21 error code ELIFECYCLE
22 error deploy@0.0.0 start: `nodemon ./bin/www`
22 error Exit status 3221225786
23 error Failed at the deploy@0.0.0 start script 'nodemon ./bin/www'.
23 error Make sure you have the latest version of node.js and npm installed.
23 error If you do, this is most likely a problem with the deploy package,
23 error not with npm itself.
23 error Tell the author that this fails on your system:
23 error     nodemon ./bin/www
23 error You can get information on how to open an issue for this project with:
23 error     npm bugs deploy
23 error Or if that isn't available, you can get their info via:
23 error     npm owner ls deploy
23 error There is likely additional logging output above.
24 verbose exit [ 1, true ]
